<?xml version="1.0" encoding="UTF-8"?>
<testsuite xmlns:xsi="http://www.w3.org/2001/XMLSchema-instance" xsi:noNamespaceSchemaLocation="https://maven.apache.org/surefire/maven-surefire-plugin/xsd/surefire-test-report.xsd" version="3.0.2" name="com.verbosegarbonzo.tariff.TariffApplicationTests" time="4.889" tests="1" errors="0" skipped="0" failures="0">
  <properties>
[...]
</properties>
  <testcase name="contextLoads" classname="com.verbosegarbonzo.tariff.TariffApplicationTests" time="0.302">
    <system-out><![CDATA[20:57:24.027 [main] INFO org.springframework.test.context.support.AnnotationConfigContextLoaderUtils -- Could not detect default configuration classes for test class [com.verbosegarbonzo.tariff.TariffApplicationTests]: TariffApplicationTests does not declare any static, non-private, non-final, nested classes annotated with @Configuration.
20:57:24.092 [main] INFO org.springframework.boot.test.context.SpringBootTestContextBootstrapper -- Found @SpringBootConfiguration com.verbosegarbonzo.tariff.TariffApplication for test class com.verbosegarbonzo.tariff.TariffApplicationTests
20:57:24.182 [main] INFO org.springframework.boot.devtools.restart.RestartApplicationListener -- Restart disabled due to context in which it is running

  .   ____          _            __ _ _
 /\\ / ___'_ __ _ _(_)_ __  __ _ \ \ \ \
( ( )\___ | '_ | '_| | '_ \/ _` | \ \ \ \
 \\/  ___)| |_)| | | | | || (_| |  ) ) ) )
  '  |____| .__|_| |_|_| |_\__, | / / / /
 =========|_|==============|___/=/_/_/_/

 :: Spring Boot ::                (v3.5.5)

2025-09-25T20:57:24.332+08:00  INFO 22716 --- [tariff] [           main] c.v.tariff.TariffApplicationTests        : Starting TariffApplicationTests using Java 21.0.7 with PID 22716 (started by vindyanggiono in /Users/vindyanggiono/Documents/coding/GitHub/verbose-garbonzo-tariff/tariff)
2025-09-25T20:57:24.333+08:00  INFO 22716 --- [tariff] [           main] c.v.tariff.TariffApplicationTests        : No active profile set, falling back to 1 default profile: "default"
2025-09-25T20:57:24.770+08:00  INFO 22716 --- [tariff] [           main] .s.d.r.c.RepositoryConfigurationDelegate : Bootstrapping Spring Data JPA repositories in DEFAULT mode.
2025-09-25T20:57:24.894+08:00  INFO 22716 --- [tariff] [           main] .s.d.r.c.RepositoryConfigurationDelegate : Finished Spring Data repository scanning in 116 ms. Found 1 JPA repository interface.
2025-09-25T20:57:25.166+08:00  INFO 22716 --- [tariff] [           main] o.hibernate.jpa.internal.util.LogHelper  : HHH000204: Processing PersistenceUnitInfo [name: default]
2025-09-25T20:57:25.202+08:00  INFO 22716 --- [tariff] [           main] org.hibernate.Version                    : HHH000412: Hibernate ORM core version 6.6.26.Final
2025-09-25T20:57:25.221+08:00  INFO 22716 --- [tariff] [           main] o.h.c.internal.RegionFactoryInitiator    : HHH000026: Second-level cache disabled
2025-09-25T20:57:25.381+08:00  INFO 22716 --- [tariff] [           main] o.s.o.j.p.SpringPersistenceUnitInfo      : No LoadTimeWeaver setup: ignoring JPA class transformer
2025-09-25T20:57:25.407+08:00  WARN 22716 --- [tariff] [           main] com.zaxxer.hikari.HikariConfig           : HikariPool-1 - keepaliveTime is greater than or equal to maxLifetime, disabling it.
2025-09-25T20:57:25.407+08:00  INFO 22716 --- [tariff] [           main] com.zaxxer.hikari.HikariDataSource       : HikariPool-1 - Starting...
2025-09-25T20:57:25.829+08:00  INFO 22716 --- [tariff] [           main] com.zaxxer.hikari.pool.HikariPool        : HikariPool-1 - Added connection org.postgresql.jdbc.PgConnection@237aa0c7
2025-09-25T20:57:25.830+08:00  INFO 22716 --- [tariff] [           main] com.zaxxer.hikari.HikariDataSource       : HikariPool-1 - Start completed.
2025-09-25T20:57:25.864+08:00  WARN 22716 --- [tariff] [           main] org.hibernate.orm.deprecation            : HHH90000025: PostgreSQLDialect does not need to be specified explicitly using 'hibernate.dialect' (remove the property setting and it will be selected by default)
2025-09-25T20:57:25.904+08:00  INFO 22716 --- [tariff] [           main] org.hibernate.orm.connections.pooling    : HHH10001005: Database info:
	Database JDBC URL [Connecting through datasource 'HikariDataSource (HikariPool-1)']
	Database driver: undefined/unknown
	Database version: 17.6
	Autocommit mode: undefined/unknown
	Isolation level: undefined/unknown
	Minimum pool size: undefined/unknown
	Maximum pool size: undefined/unknown
2025-09-25T20:57:26.372+08:00  INFO 22716 --- [tariff] [           main] o.h.e.t.j.p.i.JtaPlatformInitiator       : HHH000489: No JTA platform available (set 'hibernate.transaction.jta.platform' to enable JTA platform integration)
Hibernate: alter table if exists products add column hs6code varchar(6) not null
2025-09-25T20:57:26.483+08:00  INFO 22716 --- [tariff] [           main] j.LocalContainerEntityManagerFactoryBean : Initialized JPA EntityManagerFactory for persistence unit 'default'
2025-09-25T20:57:26.725+08:00  INFO 22716 --- [tariff] [           main] o.s.d.j.r.query.QueryEnhancerFactory     : Hibernate is in classpath; If applicable, HQL parser will be used.
2025-09-25T20:57:27.441+08:00 ERROR 22716 --- [tariff] [           main] i.n.r.d.DnsServerAddressStreamProviders  : Unable to load io.netty.resolver.dns.macos.MacOSDnsServerAddressStreamProvider, fallback to system defaults. This may result in incorrect DNS resolutions on MacOS. Check whether you have a dependency on 'io.netty:netty-resolver-dns-native-macos'. Use DEBUG level to see the full stack: java.lang.UnsatisfiedLinkError: failed to load the required native library
Loaded 198 countries into cache.
2025-09-25T20:57:28.282+08:00  WARN 22716 --- [tariff] [           main] JpaBaseConfiguration$JpaWebConfiguration : spring.jpa.open-in-view is enabled by default. Therefore, database queries may be performed during view rendering. Explicitly configure spring.jpa.open-in-view to disable this warning
2025-09-25T20:57:28.520+08:00  INFO 22716 --- [tariff] [           main] c.v.tariff.TariffApplicationTests        : Started TariffApplicationTests in 4.344 seconds (process running for 4.876)
]]></system-out>
    <system-err><![CDATA[Mockito is currently self-attaching to enable the inline-mock-maker. This will no longer work in future releases of the JDK. Please add Mockito as an agent to your build as described in Mockito's documentation: https://javadoc.io/doc/org.mockito/mockito-core/latest/org.mockito/org/mockito/Mockito.html#0.3
WARNING: A Java agent has been loaded dynamically (/Users/vindyanggiono/.m2/repository/net/bytebuddy/byte-buddy-agent/1.17.7/byte-buddy-agent-1.17.7.jar)
WARNING: If a serviceability tool is in use, please run with -XX:+EnableDynamicAgentLoading to hide this warning
WARNING: If a serviceability tool is not in use, please run with -Djdk.instrument.traceUsage for more information
WARNING: Dynamic loading of agents will be disallowed by default in a future release
]]></system-err>
  </testcase>
</testsuite>